

Microchip Technology PIC18 LITE Macro Assembler V1.35 build -356382666 
                                                                                               Wed Oct 12 13:01:08 2016

Microchip Technology Omniscient Code Generator v1.35 (Free mode) build 201507080246
     1                           	processor	18F26K22
     2                           	fnconf	rparam,??,?,0
     3                           	opt	pw 120
     4                           	opt	lm
     5                           	psect	cinit,global,reloc=2,class=CODE,delta=1
     6                           	psect	bssCOMRAM,global,class=COMRAM,space=1,delta=1
     7                           	psect	bssBANK0,global,class=BANK0,space=1,delta=1
     8                           	psect	cstackCOMRAM,global,class=COMRAM,space=1,delta=1
     9                           	psect	text0,global,reloc=2,class=CODE,delta=1
    10                           	psect	text1,global,reloc=2,class=CODE,delta=1
    11                           	psect	text2,global,reloc=2,class=CODE,delta=1
    12                           	psect	text3,global,reloc=2,class=CODE,delta=1
    13                           	psect	text4,global,reloc=2,class=CODE,delta=1
    14                           	psect	text5,global,reloc=2,class=CODE,delta=1
    15                           	psect	text6,global,reloc=2,class=CODE,delta=1
    16                           	psect	intcode,global,reloc=2,class=CODE,delta=1
    17                           	psect	text8,global,reloc=2,class=CODE,delta=1
    18                           	psect	text9,global,reloc=2,class=CODE,delta=1
    19                           	psect	intsave_regs,global,class=BIGRAM,space=1,delta=1
    20                           	psect	rparam,global,class=COMRAM,space=1,delta=1
    21                           	psect	temp,global,ovrld,common,class=COMRAM,space=1,delta=1
    22  0000                     _ANSELA	set	3896
    23  0000                     _ANSELB	set	3897
    24  0000                     _ANSELBbits	set	3897
    25  0000                     _ANSELC	set	3898
    26  0000                     _INTCON2bits	set	4081
    27  0000                     _INTCONbits	set	4082
    28  0000                     _IPR1bits	set	3999
    29  0000                     _IPR3bits	set	4005
    30  0000                     _OSCCONbits	set	4051
    31  0000                     _PIE1bits	set	3997
    32  0000                     _PIE3	set	4003
    33  0000                     _PIE3bits	set	4003
    34  0000                     _PIR1bits	set	3998
    35  0000                     _PIR3bits	set	4004
    36  0000                     _PORTBbits	set	3969
    37  0000                     _RC2STAbits	set	3953
    38  0000                     _RCONbits	set	4048
    39  0000                     _RCREG2	set	3956
    40  0000                     _RCSTA2	set	3953
    41  0000                     _RCSTA2bits	set	3953
    42  0000                     _SPBRG2	set	3957
    43  0000                     _SPBRGH2	set	3958
    44  0000                     _TRISBbits	set	3987
    45  0000                     _TXREG2	set	3955
    46  0000                     _TXSTA2	set	3954
    47  0000                     _TXSTA2bits	set	3954
    48  0000                     _PEIE	set	32662
    49  0000                     _TX2IF	set	32036
    50                           
    51                           ; #config settings
    52  0000                     
    53                           	psect	cinit
    54  0001DC                     __pcinit:
    55                           	opt stack 0
    56  0001DC                     start_initialization:
    57                           	opt stack 0
    58  0001DC                     __initialization:
    59                           	opt stack 0
    60                           
    61                           ; Clear objects allocated to BANK0 (80 bytes)
    62  0001DC  EE00  F060         	lfsr	0,__pbssBANK0
    63  0001E0  0E50               	movlw	80
    64  0001E2                     clear_0:
    65  0001E2  6AEE               	clrf	postinc0,c
    66  0001E4  06E8               	decf	wreg,f,c
    67  0001E6  E1FD               	bnz	clear_0
    68                           
    69                           ; Clear objects allocated to COMRAM (6 bytes)
    70  0001E8  6A22               	clrf	(__pbssCOMRAM+5)& (0+255),c
    71  0001EA  6A21               	clrf	(__pbssCOMRAM+4)& (0+255),c
    72  0001EC  6A20               	clrf	(__pbssCOMRAM+3)& (0+255),c
    73  0001EE  6A1F               	clrf	(__pbssCOMRAM+2)& (0+255),c
    74  0001F0  6A1E               	clrf	(__pbssCOMRAM+1)& (0+255),c
    75  0001F2  6A1D               	clrf	__pbssCOMRAM& (0+255),c
    76  0001F4                     end_of_initialization:
    77                           	opt stack 0
    78  0001F4                     __end_of__initialization:
    79                           	opt stack 0
    80  0001F4  9023               	bcf	int$flags,0,c	;clear compiler interrupt flag (level 1)
    81  0001F6  9223               	bcf	int$flags,1,c	;clear compiler interrupt flag (level 2)
    82  0001F8  0100               	movlb	0
    83  0001FA  EF4B  F000         	goto	_main	;jump to C main() function
    84                           postinc0	equ	0xFEE
    85                           wreg	equ	0xFE8
    86                           
    87                           	psect	bssCOMRAM
    88  00001D                     __pbssCOMRAM:
    89                           	opt stack 0
    90  00001D                     _NoPaqXBAPI:
    91                           	opt stack 0
    92  00001D                     	ds	2
    93  00001F                     _FlagPaqRx2:
    94                           	opt stack 0
    95  00001F                     	ds	1
    96  000020                     _PaqXBAPILen:
    97                           	opt stack 0
    98  000020                     	ds	1
    99  000021                     _USART2_Status:
   100                           	opt stack 0
   101  000021                     	ds	1
   102  000022                     _iRx2XBAPI:
   103                           	opt stack 0
   104  000022                     	ds	1
   105                           postinc0	equ	0xFEE
   106                           wreg	equ	0xFE8
   107                           
   108                           	psect	bssBANK0
   109  000060                     __pbssBANK0:
   110                           	opt stack 0
   111  000060                     _BufferRxUART:
   112                           	opt stack 0
   113  000060                     	ds	80
   114                           postinc0	equ	0xFEE
   115                           wreg	equ	0xFE8
   116                           
   117                           	psect	cstackCOMRAM
   118  000001                     __pcstackCOMRAM:
   119                           	opt stack 0
   120  000001                     Read2USART@data:
   121                           	opt stack 0
   122                           
   123                           ; 1 bytes @ 0x0
   124  000001                     	ds	1
   125  000002                     ??_uart2Isr:
   126                           
   127                           ; 0 bytes @ 0x1
   128  000002                     	ds	5
   129  000007                     ??_ISR:
   130                           
   131                           ; 0 bytes @ 0x6
   132  000007                     	ds	14
   133  000015                     Write2USART@data:
   134                           	opt stack 0
   135  000015                     Open2USART@spbrg:
   136                           	opt stack 0
   137                           
   138                           ; 2 bytes @ 0x14
   139  000015                     	ds	2
   140  000017                     Open2USART@config:
   141                           	opt stack 0
   142                           
   143                           ; 1 bytes @ 0x16
   144  000017                     	ds	1
   145  000018                     Setup_USART2@BaudRate:
   146                           	opt stack 0
   147                           
   148                           ; 2 bytes @ 0x17
   149  000018                     	ds	2
   150  00001A                     Setup_USART2@USART2Config:
   151                           	opt stack 0
   152                           
   153                           ; 1 bytes @ 0x19
   154  00001A                     	ds	1
   155  00001B                     ??_main:
   156                           
   157                           ; 0 bytes @ 0x1A
   158  00001B                     	ds	1
   159  00001C                     main@i:
   160                           	opt stack 0
   161                           
   162                           ; 1 bytes @ 0x1B
   163  00001C                     	ds	1
   164                           postinc0	equ	0xFEE
   165                           wreg	equ	0xFE8
   166                           
   167 ;;
   168 ;;Main: autosize = 0, tempsize = 1, incstack = 0, save=0
   169 ;;
   170 ;; *************** function _main *****************
   171 ;; Defined at:
   172 ;;		line 30 in file "main.c"
   173 ;; Parameters:    Size  Location     Type
   174 ;;		None
   175 ;; Auto vars:     Size  Location     Type
   176 ;;  i               1   27[COMRAM] unsigned char 
   177 ;; Return value:  Size  Location     Type
   178 ;;                  2   42[None  ] int 
   179 ;; Registers used:
   180 ;;		wreg, status,2, status,0, cstack
   181 ;; Tracked objects:
   182 ;;		On entry : 0/0
   183 ;;		On exit  : 0/0
   184 ;;		Unchanged: 0/0
   185 ;; Data sizes:     COMRAM   BANK0   BANK1   BANK2   BANK3   BANK4   BANK5   BANK6   BANK7   BANK8   BANK9  BANK10  BANK1
      +1  BANK12  BANK13  BANK14  BANK15
   186 ;;      Params:         0       0       0       0       0       0       0       0       0       0       0       0       
      +0       0       0       0       0
   187 ;;      Locals:         1       0       0       0       0       0       0       0       0       0       0       0       
      +0       0       0       0       0
   188 ;;      Temps:          1       0       0       0       0       0       0       0       0       0       0       0       
      +0       0       0       0       0
   189 ;;      Totals:         2       0       0       0       0       0       0       0       0       0       0       0       
      +0       0       0       0       0
   190 ;;Total ram usage:        2 bytes
   191 ;; Hardware stack levels required when called:    6
   192 ;; This function calls:
   193 ;;		_SetupInit
   194 ;;		_Write2USART
   195 ;; This function is called by:
   196 ;;		Startup code after reset
   197 ;; This function uses a non-reentrant model
   198 ;;
   199                           
   200                           	psect	text0
   201  000096                     __ptext0:
   202                           	opt stack 0
   203  000096                     _main:
   204                           	opt stack 25
   205                           
   206                           ;main.c: 32: SetupInit();
   207                           
   208                           ;incstack = 0
   209  000096  EC27  F001         	call	_SetupInit	;wreg free
   210  00009A                     l1061:
   211                           
   212                           ;main.c: 35: for(unsigned char i=0;i<=50;i++){
   213  00009A  0E00               	movlw	0
   214  00009C  6E1C               	movwf	main@i,c
   215  00009E                     l1063:
   216  00009E  0E32               	movlw	50
   217  0000A0  641C               	cpfsgt	main@i,c
   218  0000A2  D001               	goto	l1067
   219  0000A4  D00A               	goto	l1071
   220  0000A6                     l1067:
   221                           
   222                           ;main.c: 36: _delay((unsigned long)((10)*(32000000/4000.0)));
   223  0000A6  0E68               	movlw	104
   224  0000A8  6E1B               	movwf	??_main& (0+255),c
   225  0000AA  0EE4               	movlw	228
   226  0000AC                     u527:
   227  0000AC  2EE8               	decfsz	wreg,f,c
   228  0000AE  D7FE               	goto	u527
   229  0000B0  2E1B               	decfsz	??_main& (0+255),f,c
   230  0000B2  D7FC               	goto	u527
   231  0000B4  D000               	nop2	
   232  0000B6  2A1C               	incf	main@i,f,c
   233  0000B8  D7F2               	goto	l1063
   234  0000BA                     l1071:
   235                           
   236                           ;main.c: 37: }
   237                           ;main.c: 39: PORTBbits.RB3=!PORTBbits.RB3;
   238  0000BA  B681               	btfsc	3969,3,c	;volatile
   239  0000BC  D003               	goto	u440
   240  0000BE  6A1B               	clrf	??_main& (0+255),c
   241  0000C0  2A1B               	incf	??_main& (0+255),f,c
   242  0000C2  D001               	goto	u458
   243  0000C4                     u440:
   244  0000C4  6A1B               	clrf	??_main& (0+255),c
   245  0000C6                     u458:
   246  0000C6  461B               	rlncf	??_main,f,c
   247  0000C8  461B               	rlncf	??_main,f,c
   248  0000CA  461B               	rlncf	??_main,f,c
   249  0000CC  5081               	movf	3969,w,c	;volatile
   250  0000CE  181B               	xorwf	??_main,w,c
   251  0000D0  0BF7               	andlw	-9
   252  0000D2  181B               	xorwf	??_main,w,c
   253  0000D4  6E81               	movwf	3969,c	;volatile
   254  0000D6                     l46:
   255  0000D6  A272               	btfss	3954,1,c	;volatile
   256  0000D8  D7FE               	goto	l46
   257                           
   258                           ;main.c: 42: Write2USART(0x0A);
   259  0000DA  0E0A               	movlw	10
   260  0000DC  EC1E  F001         	call	_Write2USART
   261                           
   262                           ;main.c: 44: if(FlagPaqRx2){
   263  0000E0  501F               	movf	_FlagPaqRx2,w,c
   264  0000E2  B4D8               	btfsc	status,2,c
   265  0000E4  D7DA               	goto	l1061
   266  0000E6                     l50:
   267  0000E6  A272               	btfss	3954,1,c	;volatile
   268  0000E8  D7FE               	goto	l50
   269                           
   270                           ;main.c: 46: Write2USART(PaqXBAPILen);
   271  0000EA  5020               	movf	_PaqXBAPILen,w,c
   272  0000EC  EC1E  F001         	call	_Write2USART
   273  0000F0  D7D4               	goto	l1061
   274  0000F2                     __end_of_main:
   275                           	opt stack 0
   276                           postinc0	equ	0xFEE
   277                           wreg	equ	0xFE8
   278                           status	equ	0xFD8
   279                           
   280 ;; *************** function _Write2USART *****************
   281 ;; Defined at:
   282 ;;		line 15 in file "/Applications/microchip/xc8/v1.35/sources/pic18/plib/USART/u2write.c"
   283 ;; Parameters:    Size  Location     Type
   284 ;;  data            1    wreg     unsigned char 
   285 ;; Auto vars:     Size  Location     Type
   286 ;;  data            1   20[COMRAM] unsigned char 
   287 ;; Return value:  Size  Location     Type
   288 ;;		None               void
   289 ;; Registers used:
   290 ;;		wreg
   291 ;; Tracked objects:
   292 ;;		On entry : 0/0
   293 ;;		On exit  : 0/0
   294 ;;		Unchanged: 0/0
   295 ;; Data sizes:     COMRAM   BANK0   BANK1   BANK2   BANK3   BANK4   BANK5   BANK6   BANK7   BANK8   BANK9  BANK10  BANK1
      +1  BANK12  BANK13  BANK14  BANK15
   296 ;;      Params:         0       0       0       0       0       0       0       0       0       0       0       0       
      +0       0       0       0       0
   297 ;;      Locals:         1       0       0       0       0       0       0       0       0       0       0       0       
      +0       0       0       0       0
   298 ;;      Temps:          0       0       0       0       0       0       0       0       0       0       0       0       
      +0       0       0       0       0
   299 ;;      Totals:         1       0       0       0       0       0       0       0       0       0       0       0       
      +0       0       0       0       0
   300 ;;Total ram usage:        1 bytes
   301 ;; Hardware stack levels used:    1
   302 ;; Hardware stack levels required when called:    3
   303 ;; This function calls:
   304 ;;		Nothing
   305 ;; This function is called by:
   306 ;;		_main
   307 ;; This function uses a non-reentrant model
   308 ;;
   309                           
   310                           	psect	text1
   311  00023C                     __ptext1:
   312                           	opt stack 0
   313  00023C                     _Write2USART:
   314                           	opt stack 27
   315                           
   316                           ;incstack = 0
   317                           ;Write2USART@data stored from wreg
   318  00023C  6E15               	movwf	Write2USART@data,c
   319  00023E  AC72               	btfss	3954,6,c	;volatile
   320  000240  D003               	goto	l895
   321  000242  9072               	bcf	3954,0,c	;volatile
   322  000244  B221               	btfsc	_USART2_Status,1,c
   323  000246  8072               	bsf	3954,0,c	;volatile
   324  000248                     l895:
   325  000248  C015  FF73         	movff	Write2USART@data,3955	;volatile
   326  00024C  0012               	return		;funcret
   327  00024E                     __end_of_Write2USART:
   328                           	opt stack 0
   329                           postinc0	equ	0xFEE
   330                           wreg	equ	0xFE8
   331                           status	equ	0xFD8
   332                           
   333 ;; *************** function _SetupInit *****************
   334 ;; Defined at:
   335 ;;		line 55 in file "main.c"
   336 ;; Parameters:    Size  Location     Type
   337 ;;		None
   338 ;; Auto vars:     Size  Location     Type
   339 ;;		None
   340 ;; Return value:  Size  Location     Type
   341 ;;		None               void
   342 ;; Registers used:
   343 ;;		wreg, status,2, status,0, cstack
   344 ;; Tracked objects:
   345 ;;		On entry : 0/0
   346 ;;		On exit  : 0/0
   347 ;;		Unchanged: 0/0
   348 ;; Data sizes:     COMRAM   BANK0   BANK1   BANK2   BANK3   BANK4   BANK5   BANK6   BANK7   BANK8   BANK9  BANK10  BANK1
      +1  BANK12  BANK13  BANK14  BANK15
   349 ;;      Params:         0       0       0       0       0       0       0       0       0       0       0       0       
      +0       0       0       0       0
   350 ;;      Locals:         0       0       0       0       0       0       0       0       0       0       0       0       
      +0       0       0       0       0
   351 ;;      Temps:          0       0       0       0       0       0       0       0       0       0       0       0       
      +0       0       0       0       0
   352 ;;      Totals:         0       0       0       0       0       0       0       0       0       0       0       0       
      +0       0       0       0       0
   353 ;;Total ram usage:        0 bytes
   354 ;; Hardware stack levels used:    1
   355 ;; Hardware stack levels required when called:    5
   356 ;; This function calls:
   357 ;;		_SetupClock
   358 ;;		_SetupPorts
   359 ;;		_Setup_USART2
   360 ;; This function is called by:
   361 ;;		_main
   362 ;; This function uses a non-reentrant model
   363 ;;
   364                           
   365                           	psect	text2
   366  00024E                     __ptext2:
   367                           	opt stack 0
   368  00024E                     _SetupInit:
   369                           	opt stack 25
   370                           
   371                           ;main.c: 57: SetupClock();
   372                           
   373                           ;incstack = 0
   374  00024E  EC30  F001         	call	_SetupClock	;wreg free
   375                           
   376                           ;main.c: 58: SetupPorts();
   377  000252  ECFF  F000         	call	_SetupPorts	;wreg free
   378                           
   379                           ;main.c: 59: Setup_USART2();
   380  000256  ECD0  F000         	call	_Setup_USART2	;wreg free
   381                           
   382                           ;main.c: 61: PEIE = 1;
   383  00025A  8CF2               	bsf	intcon,6,c	;volatile
   384                           
   385                           ;main.c: 62: INTCONbits.GIE = 1;
   386  00025C  8EF2               	bsf	intcon,7,c	;volatile
   387  00025E  0012               	return		;funcret
   388  000260                     __end_of_SetupInit:
   389                           	opt stack 0
   390                           intcon	equ	0xFF2
   391                           postinc0	equ	0xFEE
   392                           wreg	equ	0xFE8
   393                           status	equ	0xFD8
   394                           
   395 ;; *************** function _Setup_USART2 *****************
   396 ;; Defined at:
   397 ;;		line 10 in file "PhyLayer.c"
   398 ;; Parameters:    Size  Location     Type
   399 ;;		None
   400 ;; Auto vars:     Size  Location     Type
   401 ;;  BaudRate        2   23[COMRAM] unsigned int 
   402 ;;  USART2Config    1   25[COMRAM] unsigned char 
   403 ;; Return value:  Size  Location     Type
   404 ;;		None               void
   405 ;; Registers used:
   406 ;;		wreg, status,2, status,0, cstack
   407 ;; Tracked objects:
   408 ;;		On entry : 0/0
   409 ;;		On exit  : 0/0
   410 ;;		Unchanged: 0/0
   411 ;; Data sizes:     COMRAM   BANK0   BANK1   BANK2   BANK3   BANK4   BANK5   BANK6   BANK7   BANK8   BANK9  BANK10  BANK1
      +1  BANK12  BANK13  BANK14  BANK15
   412 ;;      Params:         0       0       0       0       0       0       0       0       0       0       0       0       
      +0       0       0       0       0
   413 ;;      Locals:         3       0       0       0       0       0       0       0       0       0       0       0       
      +0       0       0       0       0
   414 ;;      Temps:          0       0       0       0       0       0       0       0       0       0       0       0       
      +0       0       0       0       0
   415 ;;      Totals:         3       0       0       0       0       0       0       0       0       0       0       0       
      +0       0       0       0       0
   416 ;;Total ram usage:        3 bytes
   417 ;; Hardware stack levels used:    1
   418 ;; Hardware stack levels required when called:    4
   419 ;; This function calls:
   420 ;;		_Open2USART
   421 ;; This function is called by:
   422 ;;		_SetupInit
   423 ;; This function uses a non-reentrant model
   424 ;;
   425                           
   426                           	psect	text3
   427  0001A0                     __ptext3:
   428                           	opt stack 0
   429  0001A0                     _Setup_USART2:
   430                           	opt stack 25
   431                           
   432                           ;PhyLayer.c: 12: unsigned char USART2Config=0;
   433                           
   434                           ;incstack = 0
   435  0001A0  0E00               	movlw	0
   436  0001A2  6E1A               	movwf	Setup_USART2@USART2Config,c
   437                           
   438                           ;PhyLayer.c: 13: unsigned int BaudRate=0;
   439  0001A4  0E00               	movlw	0
   440  0001A6  6E19               	movwf	Setup_USART2@BaudRate+1,c
   441  0001A8  0E00               	movlw	0
   442  0001AA  6E18               	movwf	Setup_USART2@BaudRate,c
   443                           
   444                           ;PhyLayer.c: 15: TRISBbits.RB6=0;
   445  0001AC  9C93               	bcf	3987,6,c	;volatile
   446                           
   447                           ;PhyLayer.c: 16: TRISBbits.RB7=1;
   448  0001AE  8E93               	bsf	3987,7,c	;volatile
   449                           
   450                           ;PhyLayer.c: 19: USART2Config=0b01111111
   451                           ;PhyLayer.c: 20: &0b10111111
   452                           ;PhyLayer.c: 21: &0b11111110
   453                           ;PhyLayer.c: 22: &0b11111101
   454                           ;PhyLayer.c: 23: &0b11111111
   455                           ;PhyLayer.c: 24: &0b11111111
   456                           ;PhyLayer.c: 25: &0b11011111;
   457  0001B0  0E1C               	movlw	28
   458  0001B2  6E1A               	movwf	Setup_USART2@USART2Config,c
   459                           
   460                           ;PhyLayer.c: 26: BaudRate=51;
   461  0001B4  0E00               	movlw	0
   462  0001B6  6E19               	movwf	Setup_USART2@BaudRate+1,c
   463  0001B8  0E33               	movlw	51
   464  0001BA  6E18               	movwf	Setup_USART2@BaudRate,c
   465                           
   466                           ;PhyLayer.c: 27: RCSTA2&=0b01001111,TXSTA2bits.TXEN=0,PIE3&=0b11001111;
   467  0001BC  0E4F               	movlw	79
   468  0001BE  1671               	andwf	3953,f,c	;volatile
   469  0001C0  9A72               	bcf	3954,5,c	;volatile
   470  0001C2  0ECF               	movlw	207
   471  0001C4  16A3               	andwf	4003,f,c	;volatile
   472                           
   473                           ;PhyLayer.c: 28: Open2USART(USART2Config, BaudRate);
   474  0001C6  C018  F015         	movff	Setup_USART2@BaudRate,Open2USART@spbrg
   475  0001CA  C019  F016         	movff	Setup_USART2@BaudRate+1,Open2USART@spbrg+1
   476  0001CE  501A               	movf	Setup_USART2@USART2Config,w,c
   477  0001D0  ECA6  F000         	call	_Open2USART
   478                           
   479                           ;PhyLayer.c: 29: IPR3bits.RC2IP=1;
   480  0001D4  8AA5               	bsf	4005,5,c	;volatile
   481                           
   482                           ;PhyLayer.c: 30: PIE3bits.RC2IE=1;
   483  0001D6  8AA3               	bsf	4003,5,c	;volatile
   484                           
   485                           ;PhyLayer.c: 31: PIR3bits.RC2IF=0;
   486  0001D8  9AA4               	bcf	4004,5,c	;volatile
   487  0001DA  0012               	return		;funcret
   488  0001DC                     __end_of_Setup_USART2:
   489                           	opt stack 0
   490                           intcon	equ	0xFF2
   491                           postinc0	equ	0xFEE
   492                           wreg	equ	0xFE8
   493                           status	equ	0xFD8
   494                           
   495 ;; *************** function _Open2USART *****************
   496 ;; Defined at:
   497 ;;		line 118 in file "/Applications/microchip/xc8/v1.35/sources/pic18/plib/USART/u2open.c"
   498 ;; Parameters:    Size  Location     Type
   499 ;;  config          1    wreg     unsigned char 
   500 ;;  spbrg           2   20[COMRAM] unsigned int 
   501 ;; Auto vars:     Size  Location     Type
   502 ;;  config          1   22[COMRAM] unsigned char 
   503 ;; Return value:  Size  Location     Type
   504 ;;		None               void
   505 ;; Registers used:
   506 ;;		wreg, status,2
   507 ;; Tracked objects:
   508 ;;		On entry : 0/0
   509 ;;		On exit  : 0/0
   510 ;;		Unchanged: 0/0
   511 ;; Data sizes:     COMRAM   BANK0   BANK1   BANK2   BANK3   BANK4   BANK5   BANK6   BANK7   BANK8   BANK9  BANK10  BANK1
      +1  BANK12  BANK13  BANK14  BANK15
   512 ;;      Params:         2       0       0       0       0       0       0       0       0       0       0       0       
      +0       0       0       0       0
   513 ;;      Locals:         1       0       0       0       0       0       0       0       0       0       0       0       
      +0       0       0       0       0
   514 ;;      Temps:          0       0       0       0       0       0       0       0       0       0       0       0       
      +0       0       0       0       0
   515 ;;      Totals:         3       0       0       0       0       0       0       0       0       0       0       0       
      +0       0       0       0       0
   516 ;;Total ram usage:        3 bytes
   517 ;; Hardware stack levels used:    1
   518 ;; Hardware stack levels required when called:    3
   519 ;; This function calls:
   520 ;;		Nothing
   521 ;; This function is called by:
   522 ;;		_Setup_USART2
   523 ;; This function uses a non-reentrant model
   524 ;;
   525                           
   526                           	psect	text4
   527  00014C                     __ptext4:
   528                           	opt stack 0
   529  00014C                     _Open2USART:
   530                           	opt stack 25
   531                           
   532                           ;incstack = 0
   533                           ;Open2USART@config stored from wreg
   534  00014C  6E17               	movwf	Open2USART@config,c
   535  00014E  0E00               	movlw	0
   536  000150  6E72               	movwf	3954,c	;volatile
   537  000152  0E00               	movlw	0
   538  000154  6E71               	movwf	3953,c	;volatile
   539  000156  B017               	btfsc	Open2USART@config,0,c
   540  000158  8872               	bsf	3954,4,c	;volatile
   541  00015A  A217               	btfss	Open2USART@config,1,c
   542  00015C  D002               	goto	l965
   543  00015E  8C72               	bsf	3954,6,c	;volatile
   544  000160  8C71               	bsf	3953,6,c	;volatile
   545  000162                     l965:
   546  000162  B417               	btfsc	Open2USART@config,2,c
   547  000164  8E72               	bsf	3954,7,c	;volatile
   548  000166  A617               	btfss	Open2USART@config,3,c
   549  000168  D002               	goto	l156
   550  00016A  8871               	bsf	3953,4,c	;volatile
   551  00016C  D001               	goto	l973
   552  00016E                     l156:
   553  00016E  8A71               	bsf	3953,5,c	;volatile
   554  000170                     l973:
   555  000170  A817               	btfss	Open2USART@config,4,c
   556  000172  D002               	goto	l158
   557  000174  8472               	bsf	3954,2,c	;volatile
   558  000176  D001               	goto	l977
   559  000178                     l158:
   560  000178  9472               	bcf	3954,2,c	;volatile
   561  00017A                     l977:
   562  00017A  BA17               	btfsc	Open2USART@config,5,c
   563  00017C  8671               	bsf	3953,3,c	;volatile
   564  00017E  AC17               	btfss	Open2USART@config,6,c
   565  000180  D002               	goto	l161
   566  000182  8AA3               	bsf	4003,5,c	;volatile
   567  000184  D001               	goto	l985
   568  000186                     l161:
   569  000186  9AA3               	bcf	4003,5,c	;volatile
   570  000188                     l985:
   571  000188  AE17               	btfss	Open2USART@config,7,c
   572  00018A  D002               	goto	l163
   573  00018C  88A3               	bsf	4003,4,c	;volatile
   574  00018E  D001               	goto	l164
   575  000190                     l163:
   576  000190  98A3               	bcf	4003,4,c	;volatile
   577  000192                     l164:
   578  000192  C015  FF75         	movff	Open2USART@spbrg,3957	;volatile
   579  000196  5016               	movf	Open2USART@spbrg+1,w,c
   580  000198  6E76               	movwf	3958,c	;volatile
   581  00019A  8A72               	bsf	3954,5,c	;volatile
   582  00019C  8E71               	bsf	3953,7,c	;volatile
   583  00019E  0012               	return		;funcret
   584  0001A0                     __end_of_Open2USART:
   585                           	opt stack 0
   586                           intcon	equ	0xFF2
   587                           postinc0	equ	0xFEE
   588                           wreg	equ	0xFE8
   589                           status	equ	0xFD8
   590                           
   591 ;; *************** function _SetupPorts *****************
   592 ;; Defined at:
   593 ;;		line 73 in file "main.c"
   594 ;; Parameters:    Size  Location     Type
   595 ;;		None
   596 ;; Auto vars:     Size  Location     Type
   597 ;;		None
   598 ;; Return value:  Size  Location     Type
   599 ;;		None               void
   600 ;; Registers used:
   601 ;;		wreg, status,2
   602 ;; Tracked objects:
   603 ;;		On entry : 0/0
   604 ;;		On exit  : 0/0
   605 ;;		Unchanged: 0/0
   606 ;; Data sizes:     COMRAM   BANK0   BANK1   BANK2   BANK3   BANK4   BANK5   BANK6   BANK7   BANK8   BANK9  BANK10  BANK1
      +1  BANK12  BANK13  BANK14  BANK15
   607 ;;      Params:         0       0       0       0       0       0       0       0       0       0       0       0       
      +0       0       0       0       0
   608 ;;      Locals:         0       0       0       0       0       0       0       0       0       0       0       0       
      +0       0       0       0       0
   609 ;;      Temps:          0       0       0       0       0       0       0       0       0       0       0       0       
      +0       0       0       0       0
   610 ;;      Totals:         0       0       0       0       0       0       0       0       0       0       0       0       
      +0       0       0       0       0
   611 ;;Total ram usage:        0 bytes
   612 ;; Hardware stack levels used:    1
   613 ;; Hardware stack levels required when called:    3
   614 ;; This function calls:
   615 ;;		Nothing
   616 ;; This function is called by:
   617 ;;		_SetupInit
   618 ;; This function uses a non-reentrant model
   619 ;;
   620                           
   621                           	psect	text5
   622  0001FE                     __ptext5:
   623                           	opt stack 0
   624  0001FE                     _SetupPorts:
   625                           	opt stack 26
   626                           
   627                           ;main.c: 74: ANSELA = 0;
   628                           
   629                           ;incstack = 0
   630  0001FE  0E00               	movlw	0
   631  000200  010F               	movlb	15	; () banked
   632  000202  6F38               	movwf	56,b	;volatile
   633                           
   634                           ;main.c: 75: ANSELB = 0;
   635  000204  0E00               	movlw	0
   636  000206  010F               	movlb	15	; () banked
   637  000208  6F39               	movwf	57,b	;volatile
   638                           
   639                           ;main.c: 76: ANSELC = 0;
   640  00020A  0E00               	movlw	0
   641  00020C  010F               	movlb	15	; () banked
   642  00020E  6F3A               	movwf	58,b	;volatile
   643                           
   644                           ; BSR set to: 15
   645                           ;main.c: 78: TRISBbits.RB7=1;
   646  000210  8E93               	bsf	3987,7,c	;volatile
   647                           
   648                           ; BSR set to: 15
   649                           ;main.c: 79: TRISBbits.RB6=0;
   650  000212  9C93               	bcf	3987,6,c	;volatile
   651                           
   652                           ; BSR set to: 15
   653                           ;main.c: 81: ANSELBbits.ANSB3=0;
   654  000214  010F               	movlb	15	; () banked
   655  000216  9739               	bcf	57,3,b	;volatile
   656                           
   657                           ; BSR set to: 15
   658                           ;main.c: 82: TRISBbits.RB3=0;
   659  000218  9693               	bcf	3987,3,c	;volatile
   660                           
   661                           ; BSR set to: 15
   662                           ;main.c: 83: PORTBbits.RB3=0;
   663  00021A  9681               	bcf	3969,3,c	;volatile
   664                           
   665                           ; BSR set to: 15
   666  00021C  0012               	return		;funcret
   667  00021E                     __end_of_SetupPorts:
   668                           	opt stack 0
   669                           intcon	equ	0xFF2
   670                           postinc0	equ	0xFEE
   671                           wreg	equ	0xFE8
   672                           status	equ	0xFD8
   673                           
   674 ;; *************** function _SetupClock *****************
   675 ;; Defined at:
   676 ;;		line 65 in file "main.c"
   677 ;; Parameters:    Size  Location     Type
   678 ;;		None
   679 ;; Auto vars:     Size  Location     Type
   680 ;;		None
   681 ;; Return value:  Size  Location     Type
   682 ;;		None               void
   683 ;; Registers used:
   684 ;;		None
   685 ;; Tracked objects:
   686 ;;		On entry : 0/0
   687 ;;		On exit  : 0/0
   688 ;;		Unchanged: 0/0
   689 ;; Data sizes:     COMRAM   BANK0   BANK1   BANK2   BANK3   BANK4   BANK5   BANK6   BANK7   BANK8   BANK9  BANK10  BANK1
      +1  BANK12  BANK13  BANK14  BANK15
   690 ;;      Params:         0       0       0       0       0       0       0       0       0       0       0       0       
      +0       0       0       0       0
   691 ;;      Locals:         0       0       0       0       0       0       0       0       0       0       0       0       
      +0       0       0       0       0
   692 ;;      Temps:          0       0       0       0       0       0       0       0       0       0       0       0       
      +0       0       0       0       0
   693 ;;      Totals:         0       0       0       0       0       0       0       0       0       0       0       0       
      +0       0       0       0       0
   694 ;;Total ram usage:        0 bytes
   695 ;; Hardware stack levels used:    1
   696 ;; Hardware stack levels required when called:    3
   697 ;; This function calls:
   698 ;;		Nothing
   699 ;; This function is called by:
   700 ;;		_SetupInit
   701 ;; This function uses a non-reentrant model
   702 ;;
   703                           
   704                           	psect	text6
   705  000260                     __ptext6:
   706                           	opt stack 0
   707  000260                     _SetupClock:
   708                           	opt stack 26
   709                           
   710                           ;main.c: 67: OSCCONbits.IRCF0 = 1;
   711                           
   712                           ; BSR set to: 15
   713                           ;incstack = 0
   714  000260  88D3               	bsf	4051,4,c	;volatile
   715                           
   716                           ;main.c: 68: OSCCONbits.IRCF1 = 1;
   717  000262  8AD3               	bsf	4051,5,c	;volatile
   718                           
   719                           ;main.c: 69: OSCCONbits.IRCF2 = 1;
   720  000264  8CD3               	bsf	4051,6,c	;volatile
   721  000266  0012               	return		;funcret
   722  000268                     __end_of_SetupClock:
   723                           	opt stack 0
   724                           intcon	equ	0xFF2
   725                           postinc0	equ	0xFEE
   726                           wreg	equ	0xFE8
   727                           status	equ	0xFD8
   728                           
   729 ;; *************** function _ISR *****************
   730 ;; Defined at:
   731 ;;		line 30 in file "Interrupt_manager.c"
   732 ;; Parameters:    Size  Location     Type
   733 ;;		None
   734 ;; Auto vars:     Size  Location     Type
   735 ;;		None
   736 ;; Return value:  Size  Location     Type
   737 ;;		None               void
   738 ;; Registers used:
   739 ;;		wreg, fsr2l, fsr2h, status,2, status,0, prodl, prodh, cstack
   740 ;; Tracked objects:
   741 ;;		On entry : 0/0
   742 ;;		On exit  : 0/0
   743 ;;		Unchanged: 0/0
   744 ;; Data sizes:     COMRAM   BANK0   BANK1   BANK2   BANK3   BANK4   BANK5   BANK6   BANK7   BANK8   BANK9  BANK10  BANK1
      +1  BANK12  BANK13  BANK14  BANK15
   745 ;;      Params:         0       0       0       0       0       0       0       0       0       0       0       0       
      +0       0       0       0       0
   746 ;;      Locals:         0       0       0       0       0       0       0       0       0       0       0       0       
      +0       0       0       0       0
   747 ;;      Temps:         14       0       0       0       0       0       0       0       0       0       0       0       
      +0       0       0       0       0
   748 ;;      Totals:        14       0       0       0       0       0       0       0       0       0       0       0       
      +0       0       0       0       0
   749 ;;Total ram usage:       14 bytes
   750 ;; Hardware stack levels used:    1
   751 ;; Hardware stack levels required when called:    2
   752 ;; This function calls:
   753 ;;		_uart2Isr
   754 ;; This function is called by:
   755 ;;		Interrupt level 2
   756 ;; This function uses a non-reentrant model
   757 ;;
   758                           
   759                           	psect	intcode
   760  000008                     __pintcode:
   761                           	opt stack 0
   762  000008                     _ISR:
   763                           	opt stack 25
   764                           
   765                           ;incstack = 0
   766  000008  8223               	bsf	btemp,1,c	;set compiler interrupt flag (level 2)
   767  00000A  CFFA F007          	movff	pclath,??_ISR
   768  00000E  CFFB F008          	movff	pclatu,??_ISR+1
   769  000012  CFE9 F009          	movff	fsr0l,??_ISR+2
   770  000016  CFEA F00A          	movff	fsr0h,??_ISR+3
   771  00001A  CFE1 F00B          	movff	fsr1l,??_ISR+4
   772  00001E  CFE2 F00C          	movff	fsr1h,??_ISR+5
   773  000022  CFD9 F00D          	movff	fsr2l,??_ISR+6
   774  000026  CFDA F00E          	movff	fsr2h,??_ISR+7
   775  00002A  CFF3 F00F          	movff	prodl,??_ISR+8
   776  00002E  CFF4 F010          	movff	prodh,??_ISR+9
   777  000032  CFF6 F011          	movff	tblptrl,??_ISR+10
   778  000036  CFF7 F012          	movff	tblptrh,??_ISR+11
   779  00003A  CFF8 F013          	movff	tblptru,??_ISR+12
   780  00003E  CFF5 F014          	movff	tablat,??_ISR+13
   781                           
   782                           ;Interrupt_manager.c: 54: if (PIR3bits.RC2IF && PIE3bits.RC2IE){
   783  000042  BAA4               	btfsc	4004,5,c	;volatile
   784  000044  AAA3               	btfss	4003,5,c	;volatile
   785  000046  D007               	goto	i2l136
   786                           
   787                           ;Interrupt_manager.c: 55: if(RC2STAbits.OERR == 1){
   788  000048  A271               	btfss	3953,1,c	;volatile
   789  00004A  D002               	goto	i2l1089
   790                           
   791                           ;Interrupt_manager.c: 56: RC2STAbits.CREN =0;
   792  00004C  9871               	bcf	3953,4,c	;volatile
   793                           
   794                           ;Interrupt_manager.c: 57: RC2STAbits.CREN = 1;
   795  00004E  8871               	bsf	3953,4,c	;volatile
   796  000050                     i2l1089:
   797                           
   798                           ;Interrupt_manager.c: 58: }
   799                           ;Interrupt_manager.c: 59: uart2Isr();
   800  000050  EC79  F000         	call	_uart2Isr	;wreg free
   801                           
   802                           ;Interrupt_manager.c: 60: PIR3bits.RC2IF = 0;
   803  000054  9AA4               	bcf	4004,5,c	;volatile
   804  000056                     i2l136:
   805  000056  C014  FFF5         	movff	??_ISR+13,tablat
   806  00005A  C013  FFF8         	movff	??_ISR+12,tblptru
   807  00005E  C012  FFF7         	movff	??_ISR+11,tblptrh
   808  000062  C011  FFF6         	movff	??_ISR+10,tblptrl
   809  000066  C010  FFF4         	movff	??_ISR+9,prodh
   810  00006A  C00F  FFF3         	movff	??_ISR+8,prodl
   811  00006E  C00E  FFDA         	movff	??_ISR+7,fsr2h
   812  000072  C00D  FFD9         	movff	??_ISR+6,fsr2l
   813  000076  C00C  FFE2         	movff	??_ISR+5,fsr1h
   814  00007A  C00B  FFE1         	movff	??_ISR+4,fsr1l
   815  00007E  C00A  FFEA         	movff	??_ISR+3,fsr0h
   816  000082  C009  FFE9         	movff	??_ISR+2,fsr0l
   817  000086  C008  FFFB         	movff	??_ISR+1,pclatu
   818  00008A  C007  FFFA         	movff	??_ISR,pclath
   819  00008E  9223               	bcf	btemp,1,c	;clear compiler interrupt flag (level 2)
   820  000090  0011               	retfie		f
   821  000092                     __end_of_ISR:
   822                           	opt stack 0
   823                           pclatu	equ	0xFFB
   824                           pclath	equ	0xFFA
   825                           tblptru	equ	0xFF8
   826                           tblptrh	equ	0xFF7
   827                           tblptrl	equ	0xFF6
   828                           tablat	equ	0xFF5
   829                           prodh	equ	0xFF4
   830                           prodl	equ	0xFF3
   831                           intcon	equ	0xFF2
   832                           postinc0	equ	0xFEE
   833                           fsr0h	equ	0xFEA
   834                           fsr0l	equ	0xFE9
   835                           wreg	equ	0xFE8
   836                           fsr1h	equ	0xFE2
   837                           fsr1l	equ	0xFE1
   838                           fsr2h	equ	0xFDA
   839                           fsr2l	equ	0xFD9
   840                           status	equ	0xFD8
   841                           
   842 ;; *************** function _uart2Isr *****************
   843 ;; Defined at:
   844 ;;		line 35 in file "PhyLayer.c"
   845 ;; Parameters:    Size  Location     Type
   846 ;;		None
   847 ;; Auto vars:     Size  Location     Type
   848 ;;		None
   849 ;; Return value:  Size  Location     Type
   850 ;;		None               void
   851 ;; Registers used:
   852 ;;		wreg, fsr2l, fsr2h, status,2, status,0, prodl, prodh, cstack
   853 ;; Tracked objects:
   854 ;;		On entry : 0/0
   855 ;;		On exit  : 0/0
   856 ;;		Unchanged: 0/0
   857 ;; Data sizes:     COMRAM   BANK0   BANK1   BANK2   BANK3   BANK4   BANK5   BANK6   BANK7   BANK8   BANK9  BANK10  BANK1
      +1  BANK12  BANK13  BANK14  BANK15
   858 ;;      Params:         0       0       0       0       0       0       0       0       0       0       0       0       
      +0       0       0       0       0
   859 ;;      Locals:         0       0       0       0       0       0       0       0       0       0       0       0       
      +0       0       0       0       0
   860 ;;      Temps:          5       0       0       0       0       0       0       0       0       0       0       0       
      +0       0       0       0       0
   861 ;;      Totals:         5       0       0       0       0       0       0       0       0       0       0       0       
      +0       0       0       0       0
   862 ;;Total ram usage:        5 bytes
   863 ;; Hardware stack levels used:    1
   864 ;; Hardware stack levels required when called:    1
   865 ;; This function calls:
   866 ;;		_Read2USART
   867 ;; This function is called by:
   868 ;;		_ISR
   869 ;; This function uses a non-reentrant model
   870 ;;
   871                           
   872                           	psect	text8
   873  0000F2                     __ptext8:
   874                           	opt stack 0
   875  0000F2                     _uart2Isr:
   876                           	opt stack 25
   877                           
   878                           ;PhyLayer.c: 36: BufferRxUART[iRx2XBAPI] = Read2USART();
   879                           
   880                           ;incstack = 0
   881  0000F2  5022               	movf	_iRx2XBAPI,w,c
   882  0000F4  0D01               	mullw	1
   883  0000F6  0E60               	movlw	low _BufferRxUART
   884  0000F8  24F3               	addwf	prodl,w,c
   885  0000FA  6ED9               	movwf	fsr2l,c
   886  0000FC  0E00               	movlw	high _BufferRxUART
   887  0000FE  20F4               	addwfc	prodh,w,c
   888  000100  6EDA               	movwf	fsr2h,c
   889  000102  EC0F  F001         	call	_Read2USART	;wreg free
   890  000106  6EDF               	movwf	indf2,c
   891                           
   892                           ;PhyLayer.c: 38: if (iRx2XBAPI == 2){
   893  000108  0E02               	movlw	2
   894  00010A  1822               	xorwf	_iRx2XBAPI,w,c
   895  00010C  B4D8               	btfsc	status,2,c
   896                           
   897                           ;PhyLayer.c: 40: PaqXBAPILen = BufferRxUART[2];
   898  00010E  C062  F020         	movff	_BufferRxUART+2,_PaqXBAPILen
   899                           
   900                           ;PhyLayer.c: 41: }
   901                           ;PhyLayer.c: 44: if (iRx2XBAPI >= PaqXBAPILen + 3){
   902  000112  5020               	movf	_PaqXBAPILen,w,c
   903  000114  6E02               	movwf	??_uart2Isr& (0+255),c
   904  000116  6A03               	clrf	(??_uart2Isr+1)& (0+255),c
   905  000118  0E03               	movlw	3
   906  00011A  2602               	addwf	??_uart2Isr,f,c
   907  00011C  0E00               	movlw	0
   908  00011E  2203               	addwfc	??_uart2Isr+1,f,c
   909  000120  5022               	movf	_iRx2XBAPI,w,c
   910  000122  6E04               	movwf	(??_uart2Isr+2)& (0+255),c
   911  000124  6A05               	clrf	(??_uart2Isr+3)& (0+255),c
   912  000126  5002               	movf	??_uart2Isr,w,c
   913  000128  5C04               	subwf	??_uart2Isr+2,w,c
   914  00012A  5005               	movf	??_uart2Isr+3,w,c
   915  00012C  0A80               	xorlw	128
   916  00012E  6E06               	movwf	(??_uart2Isr+4)& (0+255),c
   917  000130  5003               	movf	??_uart2Isr+1,w,c
   918  000132  0A80               	xorlw	128
   919  000134  5806               	subwfb	(??_uart2Isr+4)& (0+255),w,c
   920  000136  A0D8               	btfss	status,0,c
   921  000138  D007               	goto	i2l1057
   922                           
   923                           ;PhyLayer.c: 45: iRx2XBAPI=0;
   924  00013A  0E00               	movlw	0
   925  00013C  6E22               	movwf	_iRx2XBAPI,c
   926                           
   927                           ;PhyLayer.c: 46: NoPaqXBAPI++;
   928  00013E  4A1D               	infsnz	_NoPaqXBAPI,f,c
   929  000140  2A1E               	incf	_NoPaqXBAPI+1,f,c
   930                           
   931                           ;PhyLayer.c: 47: FlagPaqRx2=1;
   932  000142  0E01               	movlw	1
   933  000144  6E1F               	movwf	_FlagPaqRx2,c
   934                           
   935                           ;PhyLayer.c: 48: return ;
   936  000146  0012               	return	
   937  000148                     i2l1057:
   938                           
   939                           ;PhyLayer.c: 49: }
   940                           ;PhyLayer.c: 50: iRx2XBAPI++;
   941  000148  2A22               	incf	_iRx2XBAPI,f,c
   942  00014A  0012               	return		;funcret
   943  00014C                     __end_of_uart2Isr:
   944                           	opt stack 0
   945                           pclatu	equ	0xFFB
   946                           pclath	equ	0xFFA
   947                           tblptru	equ	0xFF8
   948                           tblptrh	equ	0xFF7
   949                           tblptrl	equ	0xFF6
   950                           tablat	equ	0xFF5
   951                           prodh	equ	0xFF4
   952                           prodl	equ	0xFF3
   953                           intcon	equ	0xFF2
   954                           postinc0	equ	0xFEE
   955                           fsr0h	equ	0xFEA
   956                           fsr0l	equ	0xFE9
   957                           wreg	equ	0xFE8
   958                           fsr1h	equ	0xFE2
   959                           fsr1l	equ	0xFE1
   960                           indf2	equ	0xFDF
   961                           fsr2h	equ	0xFDA
   962                           fsr2l	equ	0xFD9
   963                           status	equ	0xFD8
   964                           
   965 ;; *************** function _Read2USART *****************
   966 ;; Defined at:
   967 ;;		line 17 in file "/Applications/microchip/xc8/v1.35/sources/pic18/plib/USART/u2read.c"
   968 ;; Parameters:    Size  Location     Type
   969 ;;		None
   970 ;; Auto vars:     Size  Location     Type
   971 ;;  data            1    0[COMRAM] unsigned char 
   972 ;; Return value:  Size  Location     Type
   973 ;;                  1    wreg      unsigned char 
   974 ;; Registers used:
   975 ;;		wreg, status,2, status,0
   976 ;; Tracked objects:
   977 ;;		On entry : 0/0
   978 ;;		On exit  : 0/0
   979 ;;		Unchanged: 0/0
   980 ;; Data sizes:     COMRAM   BANK0   BANK1   BANK2   BANK3   BANK4   BANK5   BANK6   BANK7   BANK8   BANK9  BANK10  BANK1
      +1  BANK12  BANK13  BANK14  BANK15
   981 ;;      Params:         0       0       0       0       0       0       0       0       0       0       0       0       
      +0       0       0       0       0
   982 ;;      Locals:         1       0       0       0       0       0       0       0       0       0       0       0       
      +0       0       0       0       0
   983 ;;      Temps:          0       0       0       0       0       0       0       0       0       0       0       0       
      +0       0       0       0       0
   984 ;;      Totals:         1       0       0       0       0       0       0       0       0       0       0       0       
      +0       0       0       0       0
   985 ;;Total ram usage:        1 bytes
   986 ;; Hardware stack levels used:    1
   987 ;; This function calls:
   988 ;;		Nothing
   989 ;; This function is called by:
   990 ;;		_uart2Isr
   991 ;; This function uses a non-reentrant model
   992 ;;
   993                           
   994                           	psect	text9
   995  00021E                     __ptext9:
   996                           	opt stack 0
   997  00021E                     _Read2USART:
   998                           	opt stack 25
   999                           
  1000                           ;incstack = 0
  1001  00021E  0EF2               	movlw	242
  1002  000220  1621               	andwf	_USART2_Status,f,c
  1003  000222  AC71               	btfss	3953,6,c	;volatile
  1004  000224  D003               	goto	i2l174
  1005  000226  9021               	bcf	_USART2_Status,0,c
  1006  000228  B071               	btfsc	3953,0,c	;volatile
  1007  00022A  8021               	bsf	_USART2_Status,0,c
  1008  00022C                     i2l174:
  1009  00022C  B471               	btfsc	3953,2,c	;volatile
  1010  00022E  8421               	bsf	_USART2_Status,2,c
  1011  000230  B271               	btfsc	3953,1,c	;volatile
  1012  000232  8621               	bsf	_USART2_Status,3,c
  1013  000234  CF74 F001          	movff	3956,Read2USART@data	;volatile
  1014  000238  5001               	movf	Read2USART@data,w,c
  1015  00023A  0012               	return	
  1016  00023C                     __end_of_Read2USART:
  1017                           	opt stack 0
  1018  0000                     pclatu	equ	0xFFB
  1019                           pclath	equ	0xFFA
  1020                           tblptru	equ	0xFF8
  1021                           tblptrh	equ	0xFF7
  1022                           tblptrl	equ	0xFF6
  1023                           tablat	equ	0xFF5
  1024                           prodh	equ	0xFF4
  1025                           prodl	equ	0xFF3
  1026                           intcon	equ	0xFF2
  1027                           postinc0	equ	0xFEE
  1028                           fsr0h	equ	0xFEA
  1029                           fsr0l	equ	0xFE9
  1030                           wreg	equ	0xFE8
  1031                           fsr1h	equ	0xFE2
  1032                           fsr1l	equ	0xFE1
  1033                           indf2	equ	0xFDF
  1034                           fsr2h	equ	0xFDA
  1035                           fsr2l	equ	0xFD9
  1036                           status	equ	0xFD8
  1037                           pclatu	equ	0xFFB
  1038                           pclath	equ	0xFFA
  1039                           tblptru	equ	0xFF8
  1040                           tblptrh	equ	0xFF7
  1041                           tblptrl	equ	0xFF6
  1042                           tablat	equ	0xFF5
  1043                           prodh	equ	0xFF4
  1044                           prodl	equ	0xFF3
  1045                           intcon	equ	0xFF2
  1046                           postinc0	equ	0xFEE
  1047                           fsr0h	equ	0xFEA
  1048                           fsr0l	equ	0xFE9
  1049                           wreg	equ	0xFE8
  1050                           fsr1h	equ	0xFE2
  1051                           fsr1l	equ	0xFE1
  1052                           indf2	equ	0xFDF
  1053                           fsr2h	equ	0xFDA
  1054                           fsr2l	equ	0xFD9
  1055                           status	equ	0xFD8
  1056                           
  1057                           	psect	rparam
  1058  0000                     pclatu	equ	0xFFB
  1059                           pclath	equ	0xFFA
  1060                           tblptru	equ	0xFF8
  1061                           tblptrh	equ	0xFF7
  1062                           tblptrl	equ	0xFF6
  1063                           tablat	equ	0xFF5
  1064                           prodh	equ	0xFF4
  1065                           prodl	equ	0xFF3
  1066                           intcon	equ	0xFF2
  1067                           postinc0	equ	0xFEE
  1068                           fsr0h	equ	0xFEA
  1069                           fsr0l	equ	0xFE9
  1070                           wreg	equ	0xFE8
  1071                           fsr1h	equ	0xFE2
  1072                           fsr1l	equ	0xFE1
  1073                           indf2	equ	0xFDF
  1074                           fsr2h	equ	0xFDA
  1075                           fsr2l	equ	0xFD9
  1076                           status	equ	0xFD8
  1077                           
  1078                           	psect	temp
  1079  000023                     btemp:
  1080                           	opt stack 0
  1081  000023                     	ds	1
  1082  0000                     int$flags	set	btemp
  1083                           pclatu	equ	0xFFB
  1084                           pclath	equ	0xFFA
  1085                           tblptru	equ	0xFF8
  1086                           tblptrh	equ	0xFF7
  1087                           tblptrl	equ	0xFF6
  1088                           tablat	equ	0xFF5
  1089                           prodh	equ	0xFF4
  1090                           prodl	equ	0xFF3
  1091                           intcon	equ	0xFF2
  1092                           postinc0	equ	0xFEE
  1093                           fsr0h	equ	0xFEA
  1094                           fsr0l	equ	0xFE9
  1095                           wreg	equ	0xFE8
  1096                           fsr1h	equ	0xFE2
  1097                           fsr1l	equ	0xFE1
  1098                           indf2	equ	0xFDF
  1099                           fsr2h	equ	0xFDA
  1100                           fsr2l	equ	0xFD9
  1101                           status	equ	0xFD8


Data Sizes:
    Strings     0
    Constant    0
    Data        0
    BSS         86
    Persistent  0
    Stack       0

Auto Spaces:
    Space          Size  Autos    Used
    COMRAM           94     28      34
    BANK0           160      0      80
    BANK1           256      0       0
    BANK2           256      0       0
    BANK3           256      0       0
    BANK4           256      0       0
    BANK5           256      0       0
    BANK6           256      0       0
    BANK7           256      0       0
    BANK8           256      0       0
    BANK9           256      0       0
    BANK10          256      0       0
    BANK11          256      0       0
    BANK12          256      0       0
    BANK13          256      0       0
    BANK14          256      0       0
    BANK15           56      0       0

Pointer List with Targets:

    None.

Critical Paths under _main in COMRAM

    _SetupInit->_Setup_USART2
    _Setup_USART2->_Open2USART

Critical Paths under _ISR in COMRAM

    _ISR->_uart2Isr
    _uart2Isr->_Read2USART

Critical Paths under _main in BANK0

    None.

Critical Paths under _ISR in BANK0

    None.

Critical Paths under _main in BANK1

    None.

Critical Paths under _ISR in BANK1

    None.

Critical Paths under _main in BANK2

    None.

Critical Paths under _ISR in BANK2

    None.

Critical Paths under _main in BANK3

    None.

Critical Paths under _ISR in BANK3

    None.

Critical Paths under _main in BANK4

    None.

Critical Paths under _ISR in BANK4

    None.

Critical Paths under _main in BANK5

    None.

Critical Paths under _ISR in BANK5

    None.

Critical Paths under _main in BANK6

    None.

Critical Paths under _ISR in BANK6

    None.

Critical Paths under _main in BANK7

    None.

Critical Paths under _ISR in BANK7

    None.

Critical Paths under _main in BANK8

    None.

Critical Paths under _ISR in BANK8

    None.

Critical Paths under _main in BANK9

    None.

Critical Paths under _ISR in BANK9

    None.

Critical Paths under _main in BANK10

    None.

Critical Paths under _ISR in BANK10

    None.

Critical Paths under _main in BANK11

    None.

Critical Paths under _ISR in BANK11

    None.

Critical Paths under _main in BANK12

    None.

Critical Paths under _ISR in BANK12

    None.

Critical Paths under _main in BANK13

    None.

Critical Paths under _ISR in BANK13

    None.

Critical Paths under _main in BANK14

    None.

Critical Paths under _ISR in BANK14

    None.

Critical Paths under _main in BANK15

    None.

Critical Paths under _ISR in BANK15

    None.

Call Graph Tables:

 ---------------------------------------------------------------------------------
 (Depth) Function   	        Calls       Base Space   Used Autos Params    Refs
 ---------------------------------------------------------------------------------
 (0) _main                                                 2     2      0     372
                                             26 COMRAM     2     2      0
                          _SetupInit
                        _Write2USART
 ---------------------------------------------------------------------------------
 (1) _Write2USART                                          1     1      0      15
                                             20 COMRAM     1     1      0
 ---------------------------------------------------------------------------------
 (1) _SetupInit                                            0     0      0     311
                         _SetupClock
                         _SetupPorts
                       _Setup_USART2
 ---------------------------------------------------------------------------------
 (2) _Setup_USART2                                         3     3      0     311
                                             23 COMRAM     3     3      0
                         _Open2USART
 ---------------------------------------------------------------------------------
 (3) _Open2USART                                           3     1      2     263
                                             20 COMRAM     3     1      2
 ---------------------------------------------------------------------------------
 (2) _SetupPorts                                           0     0      0       0
 ---------------------------------------------------------------------------------
 (2) _SetupClock                                           0     0      0       0
 ---------------------------------------------------------------------------------
 Estimated maximum stack depth 3
 ---------------------------------------------------------------------------------
 (Depth) Function   	        Calls       Base Space   Used Autos Params    Refs
 ---------------------------------------------------------------------------------
 (4) _ISR                                                 14    14      0      23
                                              6 COMRAM    14    14      0
                           _uart2Isr
 ---------------------------------------------------------------------------------
 (5) _uart2Isr                                             5     5      0      23
                                              1 COMRAM     5     5      0
                         _Read2USART
 ---------------------------------------------------------------------------------
 (6) _Read2USART                                           1     1      0      23
                                              0 COMRAM     1     1      0
 ---------------------------------------------------------------------------------
 Estimated maximum stack depth 6
 ---------------------------------------------------------------------------------

 Call Graph Graphs:

 _main (ROOT)
   _SetupInit
     _SetupClock
     _SetupPorts
     _Setup_USART2
       _Open2USART
   _Write2USART

 _ISR (ROOT)
   _uart2Isr
     _Read2USART

 Address spaces:
Name               Size   Autos  Total    Cost      Usage
BIGRAM             F37      0       0      37        0.0%
EEDATA             400      0       0       0        0.0%
BITBANK14          100      0       0      33        0.0%
BANK14             100      0       0      34        0.0%
BITBANK13          100      0       0      31        0.0%
BANK13             100      0       0      32        0.0%
BITBANK12          100      0       0      29        0.0%
BANK12             100      0       0      30        0.0%
BITBANK11          100      0       0      27        0.0%
BANK11             100      0       0      28        0.0%
BITBANK10          100      0       0      25        0.0%
BANK10             100      0       0      26        0.0%
BITBANK9           100      0       0      23        0.0%
BANK9              100      0       0      24        0.0%
BITBANK8           100      0       0      21        0.0%
BANK8              100      0       0      22        0.0%
BITBANK7           100      0       0      19        0.0%
BANK7              100      0       0      20        0.0%
BITBANK6           100      0       0      17        0.0%
BANK6              100      0       0      18        0.0%
BITBANK5           100      0       0      15        0.0%
BANK5              100      0       0      16        0.0%
BITBANK4           100      0       0      13        0.0%
BANK4              100      0       0      14        0.0%
BITBANK3           100      0       0      10        0.0%
BANK3              100      0       0      11        0.0%
BITBANK2           100      0       0       8        0.0%
BANK2              100      0       0       9        0.0%
BITBANK1           100      0       0       6        0.0%
BANK1              100      0       0       7        0.0%
BITBANK0            A0      0       0       4        0.0%
BANK0               A0      0      50       5       50.0%
BITCOMRAM           5E      0       0       0        0.0%
COMRAM              5E     1C      22       1       36.2%
BITBANK15           38      0       0      35        0.0%
BANK15              38      0       0      36        0.0%
BITSFR_1             0      0       0      40        0.0%
SFR_1                0      0       0      40        0.0%
BITSFR               0      0       0      40        0.0%
SFR                  0      0       0      40        0.0%
STACK                0      0       0       2        0.0%
NULL                 0      0       0       0        0.0%
ABS                  0      0      72      12        0.0%
DATA                 0      0      72       3        0.0%
CODE                 0      0       0       0        0.0%


Microchip Technology PIC18 Macro Assembler V1.35 build -356382666 
Symbol Table                                                                                   Wed Oct 12 13:01:08 2016

                      l50 00E6                        l46 00D6              __CFG_CP0$OFF 000000  
            __CFG_CP1$OFF 000000              __CFG_CP2$OFF 000000              __CFG_CP3$OFF 000000  
             __CFG_LVP$ON 000000                       l161 0186                       l163 0190  
                     l164 0192                       l156 016E                       l158 0178  
                     l973 0170                       l965 0162                       l895 0248  
                     l985 0188                       l977 017A              __CFG_CPB$OFF 000000  
                     u440 00C4              __CFG_CPD$OFF 000000                       _ISR 0008  
                     u527 00AC                       u458 00C6                       prod 000FF3  
                     wreg 000FE8                _TXSTA2bits 000F72                      ?_ISR 0001  
                    l1061 009A                      l1071 00BA                      l1063 009E  
                    l1067 00A6                      _PIE3 000FA3                      _PEIE 007F96  
                    _main 0096                      fsr0h 000FEA                      fsr1h 000FE2  
                    fsr0l 000FE9                      fsr2h 000FDA                      fsr1l 000FE1  
                    indf2 000FDF                      fsr2l 000FD9                      btemp 0023  
           __CFG_BORV$190 000000                      pclat 000FFA                      prodh 000FF4  
                    prodl 000FF3                      start 0092             __CFG_IESO$OFF 000000  
              _FlagPaqRx2 001F              ___param_bank 000010            Read2USART@data 0001  
                   ??_ISR 0007                     ?_main 0001                     i2l136 0056  
                   i2l174 022C                     _TX2IF 007D24             __CFG_WRT0$OFF 000000  
           __CFG_WRT1$OFF 000000             __CFG_WRT2$OFF 000000             __CFG_WRT3$OFF 000000  
          __CFG_EBTR0$OFF 000000            __CFG_FCMEN$OFF 000000            __CFG_EBTR1$OFF 000000  
          __CFG_EBTR2$OFF 000000            __CFG_EBTR3$OFF 000000             __CFG_WRTB$OFF 000000  
           __CFG_WRTC$OFF 000000             __CFG_WRTD$OFF 000000            __CFG_EBTRB$OFF 000000  
      __CFG_MCLRE$EXTMCLR 000000                     main@i 001C                _Read2USART 021E  
              _NoPaqXBAPI 001D                     tablat 000FF5                     status 000FD8  
          __CFG_HFOFST$ON 000000            __CFG_FOSC$HSMP 000000            __CFG_PBADEN$ON 000000  
         __initialization 01DC              __end_of_main 00F2                _Open2USART 014C  
                  ??_main 001B             __activetblptr 000000            __CFG_PLLCFG$ON 000000  
                  _ANSELA 000F38                    _ANSELB 000F39                    _ANSELC 000F3A  
                  i2l1057 0148                    i2l1089 0050            __CFG_WDTEN$OFF 000000  
                  _RCREG2 000F74                    _RCSTA2 000F71                    _SPBRG2 000F75  
                  _TXREG2 000F73                    _TXSTA2 000F72            __CFG_XINST$OFF 000000  
             _PaqXBAPILen 0020            __CFG_STVREN$ON 000000                _SetupClock 0260  
                  clear_0 01E2                _SetupPorts 01FE          __end_of_uart2Isr 014C  
      __size_of_SetupInit 0012  Setup_USART2@USART2Config 001A                    tblptrh 000FF7  
                  tblptrl 000FF6                    tblptru 000FF8               ?_Read2USART 0001  
              __accesstop 0060   __end_of__initialization 01F4             ___rparam_used 000001  
          __pcstackCOMRAM 0001               ?_Open2USART 0015                __pbssBANK0 0060  
           ??_Write2USART 0015         __end_of_SetupInit 0260        __CFG_CCP2MX$PORTC1 000000  
      __CFG_CCP3MX$PORTB5 000000               ?_SetupClock 0001       __size_of_Read2USART 001E  
             ?_SetupPorts 0001                   _SPBRGH2 000F76              _BufferRxUART 0060  
           ?_Setup_USART2 0001       __size_of_Open2USART 0054           __CFG_PWRTEN$OFF 000000  
               ?_uart2Isr 0001                   __Hparam 0000                   __Lparam 0000  
     __end_of_Write2USART 024E                   __pcinit 01DC                   __ramtop 1000  
                 __ptext0 0096                   __ptext1 023C                   __ptext2 024E  
                 __ptext3 01A0                   __ptext4 014C                   __ptext5 01FE  
                 __ptext6 0260                   __ptext8 00F2                   __ptext9 021E  
            __size_of_ISR 008A          Open2USART@config 0017      end_of_initialization 01F4  
          ??_Setup_USART2 0018       __size_of_SetupClock 0008       __size_of_SetupPorts 0020  
              ??_uart2Isr 0002                   postinc0 000FEE                 _PORTBbits 000F81  
               _TRISBbits 000F93              ??_Read2USART 0001               _Write2USART 023C  
            ??_Open2USART 0017        __end_of_Read2USART 023C       start_initialization 01DC  
             __end_of_ISR 0092        __end_of_Open2USART 01A0                 _SetupInit 024E  
            ??_SetupClock 0015              ??_SetupPorts 0015                 _iRx2XBAPI 0022  
    __end_of_Setup_USART2 01DC               __pbssCOMRAM 001D        __end_of_SetupClock 0268  
      __end_of_SetupPorts 021E                 __pintcode 0008         __size_of_uart2Isr 005A  
              ?_SetupInit 0001          __CFG_PRICLKEN$ON 000000           Open2USART@spbrg 0015  
         Write2USART@data 0015                  _IPR1bits 000F9F                  _PIE1bits 000F9D  
                _IPR3bits 000FA5                  _PIE3bits 000FA3                  _PIR1bits 000F9E  
                _PIR3bits 000FA4                  _RCONbits 000FD0          __CFG_WDTPS$32768 000000  
             _INTCON2bits 000FF1              ?_Write2USART 0001                  __Hrparam 0000  
                __Lrparam 0000        __CFG_BOREN$SBORDIS 000000     __size_of_Setup_USART2 003C  
       __CFG_P2BMX$PORTB5 000000               ??_SetupInit 001B                _ANSELBbits 000F39  
            _Setup_USART2 01A0             __size_of_main 005C                  _uart2Isr 00F2  
              _RC2STAbits 000F71                  int$flags 0023             _USART2_Status 0021  
              _INTCONbits 000FF2                  intlevel2 0000                _RCSTA2bits 000F71  
              _OSCCONbits 000FD3      Setup_USART2@BaudRate 0018         __CFG_T3CMX$PORTC0 000000  
    __size_of_Write2USART 0012  
